<?xml version="1.0" encoding="UTF-8"?>
<!-- Generated by org.testng.reporters.JUnitReportReporter -->
<testsuite hostname="LAPTOP-64P9DEGN" failures="0" tests="1" name="tests.AddProductToCart" time="111.663" errors="0" timestamp="2023-02-12T12:53:47 IST" skipped="0">
  <testcase classname="tests.AddProductToCart" name="AFlipkarttest" time="111.663"/>
  <system-out/>
</testsuite> <!-- tests.AddProductToCart -->
